<?xml version="1.0" encoding="UTF-8"?>
<!-- Generated by org.testng.reporters.JUnitReportReporter -->
<testsuite hostname="DESKTOP-L3P5RPF" failures="0" tests="3" name="DevOpsAutomation.CrossBrowser_DockerTest" time="35.956" errors="0" timestamp="2025-06-26T15:09:23 IST" skipped="0">
  <testcase classname="DevOpsAutomation.CrossBrowser_DockerTest" name="browserTest" time="12.076"/>
  <testcase classname="DevOpsAutomation.CrossBrowser_DockerTest" name="browserTest" time="11.026"/>
  <testcase classname="DevOpsAutomation.CrossBrowser_DockerTest" name="browserTest" time="12.854"/>
</testsuite> <!-- DevOpsAutomation.CrossBrowser_DockerTest -->
